libs/stub/build/outputs/logs/manifest-merger-debug-report.txt
-- Merging decision tree log ---
manifest
ADDED from libs\stub\AndroidManifest.xml:2:1-3:12
INJECTED from libs\stub\AndroidManifest.xml:2:1-3:12
	package
		INJECTED from libs\stub\AndroidManifest.xml
	xmlns:android
		ADDED from libs\stub\AndroidManifest.xml:2:11-69
uses-sdk
INJECTED from libs\stub\AndroidManifest.xml reason: use-sdk injection requested
INJECTED from libs\stub\AndroidManifest.xml
INJECTED from libs\stub\AndroidManifest.xml
	android:targetSdkVersion
		INJECTED from libs\stub\AndroidManifest.xml
	android:minSdkVersion
		INJECTED from libs\stub\AndroidManifest.xml